[15-Nov-2017 04:38:36 UTC] PHP Warning:  Invalid argument supplied for foreach() in /home/ubuntu/workspace/groupproject/cart.php on line 31
[15-Nov-2017 04:38:36 UTC] PHP Stack trace:
[15-Nov-2017 04:38:36 UTC] PHP   1. {main}() /home/ubuntu/workspace/groupproject/cart.php:0
[15-Nov-2017 04:40:47 UTC] PHP Warning:  Invalid argument supplied for foreach() in /home/ubuntu/workspace/groupproject/cart.php on line 31
[15-Nov-2017 04:40:47 UTC] PHP Stack trace:
[15-Nov-2017 04:40:47 UTC] PHP   1. {main}() /home/ubuntu/workspace/groupproject/cart.php:0
[15-Nov-2017 04:43:21 UTC] PHP Warning:  array_push() expects parameter 1 to be array, null given in /home/ubuntu/workspace/groupproject/addCart.php on line 4
[15-Nov-2017 04:43:21 UTC] PHP Stack trace:
[15-Nov-2017 04:43:21 UTC] PHP   1. {main}() /home/ubuntu/workspace/groupproject/addCart.php:0
[15-Nov-2017 04:43:21 UTC] PHP   2. array_push() /home/ubuntu/workspace/groupproject/addCart.php:4
[15-Nov-2017 04:43:21 UTC] PHP Warning:  Invalid argument supplied for foreach() in /home/ubuntu/workspace/groupproject/cart.php on line 31
[15-Nov-2017 04:43:21 UTC] PHP Stack trace:
[15-Nov-2017 04:43:21 UTC] PHP   1. {main}() /home/ubuntu/workspace/groupproject/cart.php:0
[15-Nov-2017 04:47:55 UTC] PHP Warning:  array_push() expects parameter 1 to be array, null given in /home/ubuntu/workspace/groupproject/addCart.php on line 4
[15-Nov-2017 04:47:55 UTC] PHP Stack trace:
[15-Nov-2017 04:47:55 UTC] PHP   1. {main}() /home/ubuntu/workspace/groupproject/addCart.php:0
[15-Nov-2017 04:47:55 UTC] PHP   2. array_push() /home/ubuntu/workspace/groupproject/addCart.php:4
[15-Nov-2017 04:47:55 UTC] PHP Warning:  Invalid argument supplied for foreach() in /home/ubuntu/workspace/groupproject/cart.php on line 31
[15-Nov-2017 04:47:55 UTC] PHP Stack trace:
[15-Nov-2017 04:47:55 UTC] PHP   1. {main}() /home/ubuntu/workspace/groupproject/cart.php:0
[15-Nov-2017 04:48:52 UTC] PHP Warning:  array_push() expects parameter 1 to be array, null given in /home/ubuntu/workspace/groupproject/addCart.php on line 4
[15-Nov-2017 04:48:52 UTC] PHP Stack trace:
[15-Nov-2017 04:48:52 UTC] PHP   1. {main}() /home/ubuntu/workspace/groupproject/addCart.php:0
[15-Nov-2017 04:48:52 UTC] PHP   2. array_push() /home/ubuntu/workspace/groupproject/addCart.php:4
[15-Nov-2017 04:48:52 UTC] PHP Warning:  Invalid argument supplied for foreach() in /home/ubuntu/workspace/groupproject/cart.php on line 31
[15-Nov-2017 04:48:52 UTC] PHP Stack trace:
[15-Nov-2017 04:48:52 UTC] PHP   1. {main}() /home/ubuntu/workspace/groupproject/cart.php:0
